This is pdfTeX, Version 3.14159265-2.6-1.40.17 (MiKTeX 2.9.6100 64-bit) (preloaded format=pdflatex 2016.11.28)  30 DEC 2016 15:41
entering extended mode
**"./Seminararbeit - Feature Location Techniques.tex"
("Seminararbeit - Feature Location Techniques.tex"
LaTeX2e <2016/03/31> patch level 3
Babel <3.9r> and hyphenation patterns for 75 language(s) loaded.
(D:\Tools\MikTex\tex\latex\base\report.cls
Document Class: report 2014/09/29 v1.4h Standard LaTeX document class
(D:\Tools\MikTex\tex\latex\base\size11.clo
File: size11.clo 2014/09/29 v1.4h Standard LaTeX file (size option)
)
\c@part=\count79
\c@chapter=\count80
\c@section=\count81
\c@subsection=\count82
\c@subsubsection=\count83
\c@paragraph=\count84
\c@subparagraph=\count85
\c@figure=\count86
\c@table=\count87
\abovecaptionskip=\skip41
\belowcaptionskip=\skip42
\bibindent=\dimen102
)
(D:\Tools\MikTex\tex\latex\graphics\graphicx.sty
Package: graphicx 2014/10/28 v1.0g Enhanced LaTeX Graphics (DPC,SPQR)

(D:\Tools\MikTex\tex\latex\graphics\keyval.sty
Package: keyval 2014/10/28 v1.15 key=value parser (DPC)
\KV@toks@=\toks14
)
(D:\Tools\MikTex\tex\latex\graphics\graphics.sty
Package: graphics 2016/07/10 v1.0t Standard LaTeX Graphics (DPC,SPQR)

(D:\Tools\MikTex\tex\latex\graphics\trig.sty
Package: trig 2016/01/03 v1.10 sin cos tan (DPC)
)
(D:\Tools\MikTex\tex\latex\graphics-cfg\graphics.cfg
File: graphics.cfg 2016/06/04 v1.11 sample graphics configuration
)
Package graphics Info: Driver file: pdftex.def on input line 99.

(D:\Tools\MikTex\tex\latex\graphics-def\pdftex.def
File: pdftex.def 2016/07/10 v0.06j Graphics/color for pdfTeX

(D:\Tools\MikTex\tex\generic\oberdiek\infwarerr.sty
Package: infwarerr 2016/05/16 v1.4 Providing info/warning/error messages (HO)
)
(D:\Tools\MikTex\tex\generic\oberdiek\ltxcmds.sty
Package: ltxcmds 2016/05/16 v1.23 LaTeX kernel commands for general use (HO)
)
\Gread@gobject=\count88
))
\Gin@req@height=\dimen103
\Gin@req@width=\dimen104
)
(D:\Tools\MikTex\tex\latex\base\inputenc.sty
Package: inputenc 2015/03/17 v1.2c Input encoding file
\inpenc@prehook=\toks15
\inpenc@posthook=\toks16

(D:\Tools\MikTex\tex\latex\ucs\utf8x.def
File: utf8x.def 2004/10/17 UCS: Input encoding UTF-8
))
(D:\Tools\MikTex\tex\latex\ucs\ucs.sty
Package: ucs 2013/05/11 v2.2 UCS: Unicode input support

(D:\Tools\MikTex\tex\latex\ucs\uni-global.def
File: uni-global.def 2013/05/13 UCS: Unicode global data
)
\uc@secondtry=\count89
\uc@combtoks=\toks17
\uc@combtoksb=\toks18
\uc@temptokena=\toks19
)
(D:\Tools\MikTex\tex\latex\fancyvrb\fancyvrb.sty
Package: fancyvrb 2008/02/07

Style option: `fancyvrb' v2.7a, with DG/SPQR fixes, and firstline=lastline fix 
<2008/02/07> (tvz)
\FV@CodeLineNo=\count90
\FV@InFile=\read1
\FV@TabBox=\box26
\c@FancyVerbLine=\count91
\FV@StepNumber=\count92
\FV@OutFile=\write3
) (D:\Tools\MikTex\tex\latex\psnfss\courier.sty
Package: courier 2005/04/12 PSNFSS-v9.2a (WaS) 
)
(D:\Tools\MikTex\tex\latex\psnfss\helvet.sty
Package: helvet 2005/04/12 PSNFSS-v9.2a (WaS) 
)
(D:\Tools\MikTex\tex\latex\pgf\frontendlayer\tikz.sty
(D:\Tools\MikTex\tex\latex\pgf\basiclayer\pgf.sty
(D:\Tools\MikTex\tex\latex\pgf\utilities\pgfrcs.sty
(D:\Tools\MikTex\tex\generic\pgf\utilities\pgfutil-common.tex
\pgfutil@everybye=\toks20
\pgfutil@tempdima=\dimen105
\pgfutil@tempdimb=\dimen106

(D:\Tools\MikTex\tex\generic\pgf\utilities\pgfutil-common-lists.tex))
(D:\Tools\MikTex\tex\generic\pgf\utilities\pgfutil-latex.def
\pgfutil@abb=\box27

(D:\Tools\MikTex\tex\latex\ms\everyshi.sty
Package: everyshi 2001/05/15 v3.00 EveryShipout Package (MS)
))
(D:\Tools\MikTex\tex\generic\pgf\utilities\pgfrcs.code.tex
Package: pgfrcs 2015/08/07 v3.0.1a (rcs-revision 1.31)
))
Package: pgf 2015/08/07 v3.0.1a (rcs-revision 1.15)

(D:\Tools\MikTex\tex\latex\pgf\basiclayer\pgfcore.sty
(D:\Tools\MikTex\tex\latex\pgf\systemlayer\pgfsys.sty
(D:\Tools\MikTex\tex\generic\pgf\systemlayer\pgfsys.code.tex
Package: pgfsys 2014/07/09 v3.0.1a (rcs-revision 1.48)

(D:\Tools\MikTex\tex\generic\pgf\utilities\pgfkeys.code.tex
\pgfkeys@pathtoks=\toks21
\pgfkeys@temptoks=\toks22

(D:\Tools\MikTex\tex\generic\pgf\utilities\pgfkeysfiltered.code.tex
\pgfkeys@tmptoks=\toks23
))
\pgf@x=\dimen107
\pgf@y=\dimen108
\pgf@xa=\dimen109
\pgf@ya=\dimen110
\pgf@xb=\dimen111
\pgf@yb=\dimen112
\pgf@xc=\dimen113
\pgf@yc=\dimen114
\w@pgf@writea=\write4
\r@pgf@reada=\read2
\c@pgf@counta=\count93
\c@pgf@countb=\count94
\c@pgf@countc=\count95
\c@pgf@countd=\count96
\t@pgf@toka=\toks24
\t@pgf@tokb=\toks25
\t@pgf@tokc=\toks26

(D:\Tools\MikTex\tex\generic\pgf\systemlayer\pgf.cfg
File: pgf.cfg 2008/05/14  (rcs-revision 1.7)
)
Driver file for pgf: pgfsys-pdftex.def

(D:\Tools\MikTex\tex\generic\pgf\systemlayer\pgfsys-pdftex.def
File: pgfsys-pdftex.def 2014/10/11  (rcs-revision 1.35)

(D:\Tools\MikTex\tex\generic\pgf\systemlayer\pgfsys-common-pdf.def
File: pgfsys-common-pdf.def 2013/10/10  (rcs-revision 1.13)
)))
(D:\Tools\MikTex\tex\generic\pgf\systemlayer\pgfsyssoftpath.code.tex
File: pgfsyssoftpath.code.tex 2013/09/09  (rcs-revision 1.9)
\pgfsyssoftpath@smallbuffer@items=\count97
\pgfsyssoftpath@bigbuffer@items=\count98
)
(D:\Tools\MikTex\tex\generic\pgf\systemlayer\pgfsysprotocol.code.tex
File: pgfsysprotocol.code.tex 2006/10/16  (rcs-revision 1.4)
))
(D:\Tools\MikTex\tex\latex\xcolor\xcolor.sty
Package: xcolor 2016/05/11 v2.12 LaTeX color extensions (UK)

(D:\Tools\MikTex\tex\latex\graphics-cfg\color.cfg
File: color.cfg 2016/01/02 v1.6 sample color configuration
)
Package xcolor Info: Driver file: pdftex.def on input line 225.
Package xcolor Info: Model `cmy' substituted by `cmy0' on input line 1348.
Package xcolor Info: Model `hsb' substituted by `rgb' on input line 1352.
Package xcolor Info: Model `RGB' extended on input line 1364.
Package xcolor Info: Model `HTML' substituted by `rgb' on input line 1366.
Package xcolor Info: Model `Hsb' substituted by `hsb' on input line 1367.
Package xcolor Info: Model `tHsb' substituted by `hsb' on input line 1368.
Package xcolor Info: Model `HSB' substituted by `hsb' on input line 1369.
Package xcolor Info: Model `Gray' substituted by `gray' on input line 1370.
Package xcolor Info: Model `wave' substituted by `hsb' on input line 1371.
)
(D:\Tools\MikTex\tex\generic\pgf\basiclayer\pgfcore.code.tex
Package: pgfcore 2010/04/11 v3.0.1a (rcs-revision 1.7)

(D:\Tools\MikTex\tex\generic\pgf\math\pgfmath.code.tex
(D:\Tools\MikTex\tex\generic\pgf\math\pgfmathcalc.code.tex
(D:\Tools\MikTex\tex\generic\pgf\math\pgfmathutil.code.tex)
(D:\Tools\MikTex\tex\generic\pgf\math\pgfmathparser.code.tex
\pgfmath@dimen=\dimen115
\pgfmath@count=\count99
\pgfmath@box=\box28
\pgfmath@toks=\toks27
\pgfmath@stack@operand=\toks28
\pgfmath@stack@operation=\toks29
)
(D:\Tools\MikTex\tex\generic\pgf\math\pgfmathfunctions.code.tex
(D:\Tools\MikTex\tex\generic\pgf\math\pgfmathfunctions.basic.code.tex)
(D:\Tools\MikTex\tex\generic\pgf\math\pgfmathfunctions.trigonometric.code.tex)
(D:\Tools\MikTex\tex\generic\pgf\math\pgfmathfunctions.random.code.tex)
(D:\Tools\MikTex\tex\generic\pgf\math\pgfmathfunctions.comparison.code.tex)
(D:\Tools\MikTex\tex\generic\pgf\math\pgfmathfunctions.base.code.tex)
(D:\Tools\MikTex\tex\generic\pgf\math\pgfmathfunctions.round.code.tex)
(D:\Tools\MikTex\tex\generic\pgf\math\pgfmathfunctions.misc.code.tex)
(D:\Tools\MikTex\tex\generic\pgf\math\pgfmathfunctions.integerarithmetics.code.
tex))) (D:\Tools\MikTex\tex\generic\pgf\math\pgfmathfloat.code.tex
\c@pgfmathroundto@lastzeros=\count100
))
(D:\Tools\MikTex\tex\generic\pgf\basiclayer\pgfcorepoints.code.tex
File: pgfcorepoints.code.tex 2013/10/07  (rcs-revision 1.27)
\pgf@picminx=\dimen116
\pgf@picmaxx=\dimen117
\pgf@picminy=\dimen118
\pgf@picmaxy=\dimen119
\pgf@pathminx=\dimen120
\pgf@pathmaxx=\dimen121
\pgf@pathminy=\dimen122
\pgf@pathmaxy=\dimen123
\pgf@xx=\dimen124
\pgf@xy=\dimen125
\pgf@yx=\dimen126
\pgf@yy=\dimen127
\pgf@zx=\dimen128
\pgf@zy=\dimen129
)
(D:\Tools\MikTex\tex\generic\pgf\basiclayer\pgfcorepathconstruct.code.tex
File: pgfcorepathconstruct.code.tex 2013/10/07  (rcs-revision 1.29)
\pgf@path@lastx=\dimen130
\pgf@path@lasty=\dimen131
)
(D:\Tools\MikTex\tex\generic\pgf\basiclayer\pgfcorepathusage.code.tex
File: pgfcorepathusage.code.tex 2014/11/02  (rcs-revision 1.24)
\pgf@shorten@end@additional=\dimen132
\pgf@shorten@start@additional=\dimen133
)
(D:\Tools\MikTex\tex\generic\pgf\basiclayer\pgfcorescopes.code.tex
File: pgfcorescopes.code.tex 2015/05/08  (rcs-revision 1.46)
\pgfpic=\box29
\pgf@hbox=\box30
\pgf@layerbox@main=\box31
\pgf@picture@serial@count=\count101
)
(D:\Tools\MikTex\tex\generic\pgf\basiclayer\pgfcoregraphicstate.code.tex
File: pgfcoregraphicstate.code.tex 2014/11/02  (rcs-revision 1.12)
\pgflinewidth=\dimen134
)
(D:\Tools\MikTex\tex\generic\pgf\basiclayer\pgfcoretransformations.code.tex
File: pgfcoretransformations.code.tex 2015/08/07  (rcs-revision 1.20)
\pgf@pt@x=\dimen135
\pgf@pt@y=\dimen136
\pgf@pt@temp=\dimen137
)
(D:\Tools\MikTex\tex\generic\pgf\basiclayer\pgfcorequick.code.tex
File: pgfcorequick.code.tex 2008/10/09  (rcs-revision 1.3)
)
(D:\Tools\MikTex\tex\generic\pgf\basiclayer\pgfcoreobjects.code.tex
File: pgfcoreobjects.code.tex 2006/10/11  (rcs-revision 1.2)
)
(D:\Tools\MikTex\tex\generic\pgf\basiclayer\pgfcorepathprocessing.code.tex
File: pgfcorepathprocessing.code.tex 2013/09/09  (rcs-revision 1.9)
)
(D:\Tools\MikTex\tex\generic\pgf\basiclayer\pgfcorearrows.code.tex
File: pgfcorearrows.code.tex 2015/05/14  (rcs-revision 1.43)
\pgfarrowsep=\dimen138
)
(D:\Tools\MikTex\tex\generic\pgf\basiclayer\pgfcoreshade.code.tex
File: pgfcoreshade.code.tex 2013/07/15  (rcs-revision 1.15)
\pgf@max=\dimen139
\pgf@sys@shading@range@num=\count102
)
(D:\Tools\MikTex\tex\generic\pgf\basiclayer\pgfcoreimage.code.tex
File: pgfcoreimage.code.tex 2013/07/15  (rcs-revision 1.18)

(D:\Tools\MikTex\tex\generic\pgf\basiclayer\pgfcoreexternal.code.tex
File: pgfcoreexternal.code.tex 2014/07/09  (rcs-revision 1.21)
\pgfexternal@startupbox=\box32
))
(D:\Tools\MikTex\tex\generic\pgf\basiclayer\pgfcorelayers.code.tex
File: pgfcorelayers.code.tex 2013/07/18  (rcs-revision 1.7)
)
(D:\Tools\MikTex\tex\generic\pgf\basiclayer\pgfcoretransparency.code.tex
File: pgfcoretransparency.code.tex 2013/09/30  (rcs-revision 1.5)
)
(D:\Tools\MikTex\tex\generic\pgf\basiclayer\pgfcorepatterns.code.tex
File: pgfcorepatterns.code.tex 2013/11/07  (rcs-revision 1.5)
)))
(D:\Tools\MikTex\tex\generic\pgf\modules\pgfmoduleshapes.code.tex
File: pgfmoduleshapes.code.tex 2014/03/21  (rcs-revision 1.35)
\pgfnodeparttextbox=\box33
)
(D:\Tools\MikTex\tex\generic\pgf\modules\pgfmoduleplot.code.tex
File: pgfmoduleplot.code.tex 2015/08/03  (rcs-revision 1.13)
)
(D:\Tools\MikTex\tex\latex\pgf\compatibility\pgfcomp-version-0-65.sty
Package: pgfcomp-version-0-65 2007/07/03 v3.0.1a (rcs-revision 1.7)
\pgf@nodesepstart=\dimen140
\pgf@nodesepend=\dimen141
)
(D:\Tools\MikTex\tex\latex\pgf\compatibility\pgfcomp-version-1-18.sty
Package: pgfcomp-version-1-18 2007/07/23 v3.0.1a (rcs-revision 1.1)
))
(D:\Tools\MikTex\tex\latex\pgf\utilities\pgffor.sty
(D:\Tools\MikTex\tex\latex\pgf\utilities\pgfkeys.sty
(D:\Tools\MikTex\tex\generic\pgf\utilities\pgfkeys.code.tex))
(D:\Tools\MikTex\tex\latex\pgf\math\pgfmath.sty
(D:\Tools\MikTex\tex\generic\pgf\math\pgfmath.code.tex))
(D:\Tools\MikTex\tex\generic\pgf\utilities\pgffor.code.tex
Package: pgffor 2013/12/13 v3.0.1a (rcs-revision 1.25)

(D:\Tools\MikTex\tex\generic\pgf\math\pgfmath.code.tex)
\pgffor@iter=\dimen142
\pgffor@skip=\dimen143
\pgffor@stack=\toks30
\pgffor@toks=\toks31
))
(D:\Tools\MikTex\tex\generic\pgf\frontendlayer\tikz\tikz.code.tex
Package: tikz 2015/08/07 v3.0.1a (rcs-revision 1.151)

(D:\Tools\MikTex\tex\generic\pgf\libraries\pgflibraryplothandlers.code.tex
File: pgflibraryplothandlers.code.tex 2013/08/31 v3.0.1a (rcs-revision 1.20)
\pgf@plot@mark@count=\count103
\pgfplotmarksize=\dimen144
)
\tikz@lastx=\dimen145
\tikz@lasty=\dimen146
\tikz@lastxsaved=\dimen147
\tikz@lastysaved=\dimen148
\tikzleveldistance=\dimen149
\tikzsiblingdistance=\dimen150
\tikz@figbox=\box34
\tikz@figbox@bg=\box35
\tikz@tempbox=\box36
\tikz@tempbox@bg=\box37
\tikztreelevel=\count104
\tikznumberofchildren=\count105
\tikznumberofcurrentchild=\count106
\tikz@fig@count=\count107

(D:\Tools\MikTex\tex\generic\pgf\modules\pgfmodulematrix.code.tex
File: pgfmodulematrix.code.tex 2013/09/17  (rcs-revision 1.8)
\pgfmatrixcurrentrow=\count108
\pgfmatrixcurrentcolumn=\count109
\pgf@matrix@numberofcolumns=\count110
)
\tikz@expandcount=\count111

(D:\Tools\MikTex\tex\generic\pgf\frontendlayer\tikz\libraries\tikzlibrarytopath
s.code.tex
File: tikzlibrarytopaths.code.tex 2008/06/17 v3.0.1a (rcs-revision 1.2)
))) (D:\Tools\MikTex\tex\latex\pdfpages\pdfpages.sty
Package: pdfpages 2016/04/19 v0.5f Insert pages of external PDF documents (AM)

(D:\Tools\MikTex\tex\latex\base\ifthen.sty
Package: ifthen 2014/09/29 v1.1c Standard LaTeX ifthen package (DPC)
)
(D:\Tools\MikTex\tex\latex\tools\calc.sty
Package: calc 2014/10/28 v4.3 Infix arithmetic (KKT,FJ)
\calc@Acount=\count112
\calc@Bcount=\count113
\calc@Adimen=\dimen151
\calc@Bdimen=\dimen152
\calc@Askip=\skip43
\calc@Bskip=\skip44
LaTeX Info: Redefining \setlength on input line 80.
LaTeX Info: Redefining \addtolength on input line 81.
\calc@Ccount=\count114
\calc@Cskip=\skip45
)
(D:\Tools\MikTex\tex\latex\eso-pic\eso-pic.sty
Package: eso-pic 2015/07/21 v2.0g eso-pic (RN)

(D:\Tools\MikTex\tex\generic\oberdiek\atbegshi.sty
Package: atbegshi 2016/06/09 v1.18 At begin shipout hook (HO)

(D:\Tools\MikTex\tex\generic\oberdiek\ifpdf.sty
Package: ifpdf 2016/05/14 v3.1 Provides the ifpdf switch
)))
\AM@pagewidth=\dimen153
\AM@pageheight=\dimen154

(D:\Tools\MikTex\tex\latex\pdfpages\pppdftex.def
File: pppdftex.def 2016/04/19 v0.5f Pdfpages driver for pdfTeX (AM)
)
\AM@pagebox=\box38
\AM@global@opts=\toks32
\AM@toc@title=\toks33
\c@AM@survey=\count115
\AM@templatesizebox=\box39
)
(D:\Tools\MikTex\tex\latex\changepage\changepage.sty
Package: changepage 2009/10/20 v1.0c check page and change page layout
\c@cp@cntr=\count116
\cp@tempcnt=\count117
)
(D:\Tools\MikTex\tex\latex\wrapfig\wrapfig.sty
\wrapoverhang=\dimen155
\WF@size=\dimen156
\c@WF@wrappedlines=\count118
\WF@box=\box40
\WF@everypar=\toks34
Package: wrapfig 2003/01/31  v 3.6
)
(D:\Tools\MikTex\tex\latex\amsfonts\amssymb.sty
Package: amssymb 2013/01/14 v3.01 AMS font symbols

(D:\Tools\MikTex\tex\latex\amsfonts\amsfonts.sty
Package: amsfonts 2013/01/14 v3.01 Basic AMSFonts support
\@emptytoks=\toks35
\symAMSa=\mathgroup4
\symAMSb=\mathgroup5
LaTeX Font Info:    Overwriting math alphabet `\mathfrak' in version `bold'
(Font)                  U/euf/m/n --> U/euf/b/n on input line 106.
))
(D:\Tools\MikTex\tex\latex\psnfss\pifont.sty
Package: pifont 2005/04/12 PSNFSS-v9.2a Pi font support (SPQR) 
LaTeX Font Info:    Try loading font information for U+pzd on input line 63.

(D:\Tools\MikTex\tex\latex\psnfss\upzd.fd
File: upzd.fd 2001/06/04 font definitions for U/pzd.
)
LaTeX Font Info:    Try loading font information for U+psy on input line 64.

(D:\Tools\MikTex\tex\latex\psnfss\upsy.fd
File: upsy.fd 2001/06/04 font definitions for U/psy.
))
(D:\Tools\MikTex\tex\latex\url\url.sty
\Urlmuskip=\muskip10
Package: url 2013/09/16  ver 3.4  Verb mode for urls, etc.
)
(D:\Tools\MikTex\tex\latex\caption\caption.sty
Package: caption 2016/02/21 v3.3-144 Customizing captions (AR)

(D:\Tools\MikTex\tex\latex\caption\caption3.sty
Package: caption3 2016/05/22 v1.7-166 caption3 kernel (AR)
Package caption3 Info: TeX engine: e-TeX on input line 67.
\captionmargin=\dimen157
\captionmargin@=\dimen158
\captionwidth=\dimen159
\caption@tempdima=\dimen160
\caption@indent=\dimen161
\caption@parindent=\dimen162
\caption@hangindent=\dimen163
)
\c@ContinuedFloat=\count119
Package caption Info: wrapfig package is loaded.
)
(D:\Tools\MikTex\tex\latex\caption\subcaption.sty
Package: subcaption 2016/05/22 v1.1-161 Sub-captions (AR)
\c@subfigure=\count120
\c@subtable=\count121
)
(D:\Tools\MikTex\tex\generic\pgf\frontendlayer\tikz\libraries\tikzlibraryshapes
.code.tex
File: tikzlibraryshapes.code.tex 2008/01/09 v3.0.1a (rcs-revision 1.1)

(D:\Tools\MikTex\tex\generic\pgf\frontendlayer\tikz\libraries\tikzlibraryshapes
.geometric.code.tex
File: tikzlibraryshapes.geometric.code.tex 2008/01/09 v3.0.1a (rcs-revision 1.1
)

(D:\Tools\MikTex\tex\generic\pgf\libraries\shapes\pgflibraryshapes.geometric.co
de.tex
File: pgflibraryshapes.geometric.code.tex 2008/06/26 v3.0.1a (rcs-revision 1.1)

))
(D:\Tools\MikTex\tex\generic\pgf\frontendlayer\tikz\libraries\tikzlibraryshapes
.misc.code.tex
File: tikzlibraryshapes.misc.code.tex 2008/01/09 v3.0.1a (rcs-revision 1.1)

(D:\Tools\MikTex\tex\generic\pgf\libraries\shapes\pgflibraryshapes.misc.code.te
x
File: pgflibraryshapes.misc.code.tex 2013/07/18 v3.0.1a (rcs-revision 1.5)
))
(D:\Tools\MikTex\tex\generic\pgf\frontendlayer\tikz\libraries\tikzlibraryshapes
.symbols.code.tex
File: tikzlibraryshapes.symbols.code.tex 2008/01/09 v3.0.1a (rcs-revision 1.1)

(D:\Tools\MikTex\tex\generic\pgf\libraries\shapes\pgflibraryshapes.symbols.code
.tex
File: pgflibraryshapes.symbols.code.tex 2013/09/11 v3.0.1a (rcs-revision 1.6)
))
(D:\Tools\MikTex\tex\generic\pgf\frontendlayer\tikz\libraries\tikzlibraryshapes
.arrows.code.tex
File: tikzlibraryshapes.arrows.code.tex 2008/01/09 v3.0.1a (rcs-revision 1.1)

(D:\Tools\MikTex\tex\generic\pgf\libraries\shapes\pgflibraryshapes.arrows.code.
tex
File: pgflibraryshapes.arrows.code.tex 2008/06/26 v3.0.1a (rcs-revision 1.1)
))
(D:\Tools\MikTex\tex\generic\pgf\frontendlayer\tikz\libraries\tikzlibraryshapes
.callouts.code.tex
(D:\Tools\MikTex\tex\generic\pgf\libraries\shapes\pgflibraryshapes.callouts.cod
e.tex))
(D:\Tools\MikTex\tex\generic\pgf\frontendlayer\tikz\libraries\tikzlibraryshapes
.multipart.code.tex
File: tikzlibraryshapes.multipart.code.tex 2008/01/09 v3.0.1a (rcs-revision 1.1
)

(D:\Tools\MikTex\tex\generic\pgf\libraries\shapes\pgflibraryshapes.multipart.co
de.tex
File: pgflibraryshapes.multipart.code.tex 2010/01/07 v3.0.1a (rcs-revision 1.2)

\pgfnodepartlowerbox=\box41
\pgfnodeparttwobox=\box42
\pgfnodepartthreebox=\box43
\pgfnodepartfourbox=\box44
\pgfnodeparttwentybox=\box45
\pgfnodepartnineteenbox=\box46
\pgfnodeparteighteenbox=\box47
\pgfnodepartseventeenbox=\box48
\pgfnodepartsixteenbox=\box49
\pgfnodepartfifteenbox=\box50
\pgfnodepartfourteenbox=\box51
\pgfnodepartthirteenbox=\box52
\pgfnodeparttwelvebox=\box53
\pgfnodepartelevenbox=\box54
\pgfnodeparttenbox=\box55
\pgfnodepartninebox=\box56
\pgfnodeparteightbox=\box57
\pgfnodepartsevenbox=\box58
\pgfnodepartsixbox=\box59
\pgfnodepartfivebox=\box60
)))
(D:\Tools\MikTex\tex\generic\pgf\frontendlayer\tikz\libraries\tikzlibraryarrows
.code.tex
File: tikzlibraryarrows.code.tex 2008/01/09 v3.0.1a (rcs-revision 1.1)
 (D:\Tools\MikTex\tex\generic\pgf\libraries\pgflibraryarrows.code.tex
File: pgflibraryarrows.code.tex 2013/09/23 v3.0.1a (rcs-revision 1.16)
\arrowsize=\dimen164
)) (D:\Tools\MikTex\tex\latex\multirow\multirow.sty
Package: multirow 2016/10/11 v2.1 Span multiple rows of a table
\multirow@colwidth=\skip46
\multirow@cnta=\count122
\multirow@cntb=\count123
\multirow@dima=\skip47
\bigstrutjot=\dimen165
)
(D:\Tools\MikTex\tex\latex\graphics\rotating.sty
Package: rotating 2016/05/22 v2.16c rotated objects in LaTeX
\c@r@tfl@t=\count124
\rotFPtop=\skip48
\rotFPbot=\skip49
\rot@float@box=\box61
\rot@mess@toks=\toks36
)
(D:\Tools\MikTex\tex\latex\hyperref\hyperref.sty
Package: hyperref 2016/06/24 v6.83q Hypertext links for LaTeX

(D:\Tools\MikTex\tex\generic\oberdiek\hobsub-hyperref.sty
Package: hobsub-hyperref 2016/05/16 v1.14 Bundle oberdiek, subset hyperref (HO)


(D:\Tools\MikTex\tex\generic\oberdiek\hobsub-generic.sty
Package: hobsub-generic 2016/05/16 v1.14 Bundle oberdiek, subset generic (HO)
Package: hobsub 2016/05/16 v1.14 Construct package bundles (HO)
Package hobsub Info: Skipping package `infwarerr' (already loaded).
Package hobsub Info: Skipping package `ltxcmds' (already loaded).
Package: ifluatex 2016/05/16 v1.4 Provides the ifluatex switch (HO)
Package ifluatex Info: LuaTeX not detected.
Package: ifvtex 2016/05/16 v1.6 Detect VTeX and its facilities (HO)
Package ifvtex Info: VTeX not detected.
Package: intcalc 2016/05/16 v1.2 Expandable calculations with integers (HO)
Package hobsub Info: Skipping package `ifpdf' (already loaded).
Package: etexcmds 2016/05/16 v1.6 Avoid name clashes with e-TeX commands (HO)
Package etexcmds Info: Could not find \expanded.
(etexcmds)             That can mean that you are not using pdfTeX 1.50 or
(etexcmds)             that some package has redefined \expanded.
(etexcmds)             In the latter case, load this package earlier.
Package: kvsetkeys 2016/05/16 v1.17 Key value parser (HO)
Package: kvdefinekeys 2016/05/16 v1.4 Define keys (HO)
Package: pdftexcmds 2016/05/21 v0.22 Utility functions of pdfTeX for LuaTeX (HO
)
Package pdftexcmds Info: LuaTeX not detected.
Package pdftexcmds Info: \pdf@primitive is available.
Package pdftexcmds Info: \pdf@ifprimitive is available.
Package pdftexcmds Info: \pdfdraftmode found.
Package: pdfescape 2016/05/16 v1.14 Implements pdfTeX's escape features (HO)
Package: bigintcalc 2016/05/16 v1.4 Expandable calculations on big integers (HO
)
Package: bitset 2016/05/16 v1.2 Handle bit-vector datatype (HO)
Package: uniquecounter 2016/05/16 v1.3 Provide unlimited unique counter (HO)
)
Package hobsub Info: Skipping package `hobsub' (already loaded).
Package: letltxmacro 2016/05/16 v1.5 Let assignment for LaTeX macros (HO)
Package: hopatch 2016/05/16 v1.3 Wrapper for package hooks (HO)
Package: xcolor-patch 2016/05/16 xcolor patch
Package: atveryend 2016/05/16 v1.9 Hooks at the very end of document (HO)
Package atveryend Info: \enddocument detected (standard20110627).
Package hobsub Info: Skipping package `atbegshi' (already loaded).
Package: refcount 2016/05/16 v3.5 Data extraction from label references (HO)
Package: hycolor 2016/05/16 v1.8 Color options for hyperref/bookmark (HO)
)
(D:\Tools\MikTex\tex\generic\ifxetex\ifxetex.sty
Package: ifxetex 2010/09/12 v0.6 Provides ifxetex conditional
)
(D:\Tools\MikTex\tex\latex\oberdiek\auxhook.sty
Package: auxhook 2016/05/16 v1.4 Hooks for auxiliary files (HO)
)
(D:\Tools\MikTex\tex\latex\oberdiek\kvoptions.sty
Package: kvoptions 2016/05/16 v3.12 Key value format for package options (HO)
)
\@linkdim=\dimen166
\Hy@linkcounter=\count125
\Hy@pagecounter=\count126

(D:\Tools\MikTex\tex\latex\hyperref\pd1enc.def
File: pd1enc.def 2016/06/24 v6.83q Hyperref: PDFDocEncoding definition (HO)
)
\Hy@SavedSpaceFactor=\count127

(D:\Tools\MikTex\tex\latex\00miktex\hyperref.cfg
File: hyperref.cfg 2002/06/06 v1.2 hyperref configuration of TeXLive
)
Package hyperref Info: Hyper figures OFF on input line 4486.
Package hyperref Info: Link nesting OFF on input line 4491.
Package hyperref Info: Hyper index ON on input line 4494.
Package hyperref Info: Plain pages OFF on input line 4501.
Package hyperref Info: Backreferencing OFF on input line 4506.
Package hyperref Info: Implicit mode ON; LaTeX internals redefined.
Package hyperref Info: Bookmarks ON on input line 4735.
\c@Hy@tempcnt=\count128
LaTeX Info: Redefining \url on input line 5088.
\XeTeXLinkMargin=\dimen167
\Fld@menulength=\count129
\Field@Width=\dimen168
\Fld@charsize=\dimen169
Package hyperref Info: Hyper figures OFF on input line 6342.
Package hyperref Info: Link nesting OFF on input line 6347.
Package hyperref Info: Hyper index ON on input line 6350.
Package hyperref Info: backreferencing OFF on input line 6357.
Package hyperref Info: Link coloring OFF on input line 6362.
Package hyperref Info: Link coloring with OCG OFF on input line 6367.
Package hyperref Info: PDF/A mode OFF on input line 6372.
LaTeX Info: Redefining \ref on input line 6412.
LaTeX Info: Redefining \pageref on input line 6416.
\Hy@abspage=\count130
\c@Item=\count131
\c@Hfootnote=\count132
)

Package hyperref Message: Driver (autodetected): hpdftex.

(D:\Tools\MikTex\tex\latex\hyperref\hpdftex.def
File: hpdftex.def 2016/06/24 v6.83q Hyperref driver for pdfTeX
\Fld@listcount=\count133
\c@bookmark@seq@number=\count134

(D:\Tools\MikTex\tex\latex\oberdiek\rerunfilecheck.sty
Package: rerunfilecheck 2016/05/16 v1.8 Rerun checks for auxiliary files (HO)
Package uniquecounter Info: New unique counter `rerunfilecheck' on input line 2
82.
)
\Hy@SectionHShift=\skip50
)
(D:\Tools\MikTex\tex\latex\listings\listings.sty
\lst@mode=\count135
\lst@gtempboxa=\box62
\lst@token=\toks37
\lst@length=\count136
\lst@currlwidth=\dimen170
\lst@column=\count137
\lst@pos=\count138
\lst@lostspace=\dimen171
\lst@width=\dimen172
\lst@newlines=\count139
\lst@lineno=\count140
\lst@maxwidth=\dimen173

(D:\Tools\MikTex\tex\latex\listings\lstmisc.sty
File: lstmisc.sty 2015/06/04 1.6 (Carsten Heinz)
\c@lstnumber=\count141
\lst@skipnumbers=\count142
\lst@framebox=\box63
)
(D:\Tools\MikTex\tex\latex\listings\listings.cfg
File: listings.cfg 2015/06/04 1.6 listings configuration
))
Package: listings 2015/06/04 1.6 (Carsten Heinz)

("Seminararbeit - Feature Location Techniques.aux")
\openout1 = `"Seminararbeit - Feature Location Techniques.aux"'.

LaTeX Font Info:    Checking defaults for OML/cmm/m/it on input line 88.
LaTeX Font Info:    ... okay on input line 88.
LaTeX Font Info:    Checking defaults for T1/cmr/m/n on input line 88.
LaTeX Font Info:    ... okay on input line 88.
LaTeX Font Info:    Checking defaults for OT1/cmr/m/n on input line 88.
LaTeX Font Info:    ... okay on input line 88.
LaTeX Font Info:    Checking defaults for OMS/cmsy/m/n on input line 88.
LaTeX Font Info:    ... okay on input line 88.
LaTeX Font Info:    Checking defaults for OMX/cmex/m/n on input line 88.
LaTeX Font Info:    ... okay on input line 88.
LaTeX Font Info:    Checking defaults for U/cmr/m/n on input line 88.
LaTeX Font Info:    ... okay on input line 88.
LaTeX Font Info:    Checking defaults for PD1/pdf/m/n on input line 88.
LaTeX Font Info:    ... okay on input line 88.

(D:\Tools\MikTex\tex\context\base\supp-pdf.mkii
[Loading MPS to PDF converter (version 2006.09.02).]
\scratchcounter=\count143
\scratchdimen=\dimen174
\scratchbox=\box64
\nofMPsegments=\count144
\nofMParguments=\count145
\everyMPshowfont=\toks38
\MPscratchCnt=\count146
\MPscratchDim=\dimen175
\MPnumerator=\count147
\makeMPintoPDFobject=\count148
\everyMPtoPDFconversion=\toks39
) (D:\Tools\MikTex\tex\latex\oberdiek\epstopdf-base.sty
Package: epstopdf-base 2016/05/15 v2.6 Base part for package epstopdf

(D:\Tools\MikTex\tex\latex\oberdiek\grfext.sty
Package: grfext 2016/05/16 v1.2 Manage graphics extensions (HO)
)
Package epstopdf-base Info: Redefining graphics rule for `.eps' on input line 4
38.
Package grfext Info: Graphics extension search list:
(grfext)             [.png,.pdf,.jpg,.mps,.jpeg,.jbig2,.jb2,.PNG,.PDF,.JPG,.JPE
G,.JBIG2,.JB2,.eps]
(grfext)             \AppendGraphicsExtensions on input line 456.
)
(D:\Tools\MikTex\tex\latex\ucs\ucsencs.def
File: ucsencs.def 2011/01/21 Fixes to fontencodings LGR, T3
)
ABD: EveryShipout initializing macros
\AtBeginShipoutBox=\box65

(D:\Tools\MikTex\tex\latex\oberdiek\pdflscape.sty
Package: pdflscape 2016/05/14 v0.11 Display of landscape pages in PDF (HO)

(D:\Tools\MikTex\tex\latex\graphics\lscape.sty
Package: lscape 2000/10/22 v3.01 Landscape Pages (DPC)
)
Package pdflscape Info: Auto-detected driver: pdftex on input line 81.
)
Package caption Info: Begin \AtBeginDocument code.
Package caption Info: hyperref package is loaded.
Package caption Info: listings package is loaded.
Package caption Info: rotating package is loaded.
Package caption Info: End \AtBeginDocument code.
Package hyperref Info: Link coloring OFF on input line 88.

(D:\Tools\MikTex\tex\latex\hyperref\nameref.sty
Package: nameref 2016/05/21 v2.44 Cross-referencing by name of section

(D:\Tools\MikTex\tex\generic\oberdiek\gettitlestring.sty
Package: gettitlestring 2016/05/16 v1.5 Cleanup title references (HO)
)
\c@section@level=\count149
)
LaTeX Info: Redefining \ref on input line 88.
LaTeX Info: Redefining \pageref on input line 88.
LaTeX Info: Redefining \nameref on input line 88.

("Seminararbeit - Feature Location Techniques.out")
("Seminararbeit - Feature Location Techniques.out")
\@outlinefile=\write5
\openout5 = `"Seminararbeit - Feature Location Techniques.out"'.

\c@lstlisting=\count150
 (src/tex/cover_en.tex
<src/pic/logo.jpg, id=61, 1120.185pt x 284.56313pt>
File: src/pic/logo.jpg Graphic file (type jpg)
 <use src/pic/logo.jpg>
Package pdftex.def Info: src/pic/logo.jpg used on input line 16.
(pdftex.def)             Requested size: 336.0068pt x 85.35826pt.
LaTeX Font Info:    Try loading font information for OT1+phv on input line 34.

(D:\Tools\MikTex\tex\latex\psnfss\ot1phv.fd
File: ot1phv.fd 2001/06/04 scalable font definitions for OT1/phv.
)
LaTeX Font Info:    Font shape `OT1/phv/bx/n' in size <17.28> not available
(Font)              Font shape `OT1/phv/b/n' tried instead on input line 41.
LaTeX Font Info:    Font shape `OT1/phv/bx/n' in size <14.4> not available
(Font)              Font shape `OT1/phv/b/n' tried instead on input line 48.
 [1

{C:/ProgramData/MiKTeX/2.9/pdftex/config/pdftex.map} <./src/pic/logo.jpg>])
<Formular_Eidesstattliche_Versicherung_neu.pdf, id=70, 597.45204pt x 845.1575pt
>
File: Formular_Eidesstattliche_Versicherung_neu.pdf Graphic file (type pdf)
 <use Formular_Eidesstattliche_Versicherung_neu.pdf>
Package pdftex.def Info: Formular_Eidesstattliche_Versicherung_neu.pdf used on 
input line 101.
(pdftex.def)             Requested size: 597.45058pt x 845.15544pt.
File: Formular_Eidesstattliche_Versicherung_neu.pdf Graphic file (type pdf)

<use Formular_Eidesstattliche_Versicherung_neu.pdf>
Package pdftex.def Info: Formular_Eidesstattliche_Versicherung_neu.pdf used on 
input line 101.
(pdftex.def)             Requested size: 597.45058pt x 845.15544pt.

<Formular_Eidesstattliche_Versicherung_neu.pdf, id=73, page=1, 597.45204pt x 84
5.1575pt>
File: Formular_Eidesstattliche_Versicherung_neu.pdf Graphic file (type pdf)
 <use Formular_Eidesstattliche_Versicherung_neu.pdf, page 1>
Package pdftex.def Info: Formular_Eidesstattliche_Versicherung_neu.pdf, page1 u
sed on input line 101.
(pdftex.def)             Requested size: 597.45058pt x 845.15544pt.
File: Formular_Eidesstattliche_Versicherung_neu.pdf Graphic file (type pdf)

<use Formular_Eidesstattliche_Versicherung_neu.pdf, page 1>
Package pdftex.def Info: Formular_Eidesstattliche_Versicherung_neu.pdf, page1 u
sed on input line 101.
(pdftex.def)             Requested size: 597.47792pt x 845.19412pt.
File: Formular_Eidesstattliche_Versicherung_neu.pdf Graphic file (type pdf)

<use Formular_Eidesstattliche_Versicherung_neu.pdf, page 1>
Package pdftex.def Info: Formular_Eidesstattliche_Versicherung_neu.pdf, page1 u
sed on input line 101.
(pdftex.def)             Requested size: 597.47792pt x 845.19412pt.
File: Formular_Eidesstattliche_Versicherung_neu.pdf Graphic file (type pdf)

<use Formular_Eidesstattliche_Versicherung_neu.pdf, page 1>
Package pdftex.def Info: Formular_Eidesstattliche_Versicherung_neu.pdf, page1 u
sed on input line 101.
(pdftex.def)             Requested size: 597.47792pt x 845.19412pt.
File: Formular_Eidesstattliche_Versicherung_neu.pdf Graphic file (type pdf)

<use Formular_Eidesstattliche_Versicherung_neu.pdf, page 1>
Package pdftex.def Info: Formular_Eidesstattliche_Versicherung_neu.pdf, page1 u
sed on input line 101.
(pdftex.def)             Requested size: 597.47792pt x 845.19412pt.
 [2

 <./Formular_Eidesstattliche_Versicherung_neu.pdf>] (src/tex/abstract.tex
LaTeX Font Info:    Try loading font information for U+msa on input line 14.

(D:\Tools\MikTex\tex\latex\amsfonts\umsa.fd
File: umsa.fd 2013/01/14 v3.01 AMS symbols A
)
LaTeX Font Info:    Try loading font information for U+msb on input line 14.

(D:\Tools\MikTex\tex\latex\amsfonts\umsb.fd
File: umsb.fd 2013/01/14 v3.01 AMS symbols B
) [3

] [4

])
("Seminararbeit - Feature Location Techniques.toc")
\tf@toc=\write6
\openout6 = `"Seminararbeit - Feature Location Techniques.toc"'.

 [5

]
(src/tex/introduction.tex
Chapter 1.
) (src/tex/freemind_example.tex [1


] [2

]
Chapter 2.
<src/pic/freemind_callgraph.jpg, id=137, 757.32938pt x 529.98pt>
File: src/pic/freemind_callgraph.jpg Graphic file (type jpg)

<use src/pic/freemind_callgraph.jpg>
Package pdftex.def Info: src/pic/freemind_callgraph.jpg used on input line 9.
(pdftex.def)             Requested size: 213.39566pt x 149.33145pt.

Underfull \hbox (badness 10000) in paragraph at lines 11--11
[]\OT1/cmr/m/n/10.95 Figure 2.1: |The Free-mind call-graph
 []

LaTeX Font Info:    Try loading font information for OMS+cmr on input line 17.
(D:\Tools\MikTex\tex\latex\base\omscmr.fd
File: omscmr.fd 2014/09/29 v2.5h Standard LaTeX font definitions
)
LaTeX Font Info:    Font shape `OMS/cmr/m/n' in size <10.95> not available
(Font)              Font shape `OMS/cmsy/m/n' tried instead on input line 17.
)
Underfull \hbox (badness 10000) in paragraph at lines 21--121

 []

[3 <./src/pic/freemind_callgraph.jpg>] (src/tex/basic_underlying_techniques.tex
[4]
Chapter 3.

Overfull \hbox (49.69678pt too wide) in paragraph at lines 36--37
[][] 
 []


Underfull \hbox (badness 10000) in paragraph at lines 7--39
\OT1/cmr/m/n/10.95 tions.
 []

[5

]

Package wrapfig Warning: Collision between wrapping environments on input line 
50.


Underfull \hbox (badness 10000) in paragraph at lines 79--80

 []

<src/pic/term_document_matrix.jpg, id=168, 686.565pt x 546.54187pt>
File: src/pic/term_document_matrix.jpg Graphic file (type jpg)

<use src/pic/term_document_matrix.jpg>
Package pdftex.def Info: src/pic/term_document_matrix.jpg used on input line 96
.
(pdftex.def)             Requested size: 213.39566pt x 169.86823pt.


Package caption Warning: \label without proper reference on input line 97.
See the caption package documentation for explanation.


LaTeX Warning: Reference `pic:term-document-matrix' on page 6 undefined on inpu
t line 100.


Underfull \hbox (badness 1466) in paragraph at lines 100--101
\OT1/cmr/m/n/10.95 re-sen-ta-tion of the query and the cor-
 []

<src/pic/lsf-vectors.jpg, id=171, 633.86812pt x 380.92313pt>
File: src/pic/lsf-vectors.jpg Graphic file (type jpg)

<use src/pic/lsf-vectors.jpg>
Package pdftex.def Info: src/pic/lsf-vectors.jpg used on input line 105.
(pdftex.def)             Requested size: 213.39566pt x 128.23923pt.
 [6 <./src/pic/term_document_matrix.jpg>]
Overfull \hbox (16.83511pt too wide) in paragraph at lines 117--118
\OT1/cmr/m/n/10.95 0\OML/cmm/m/it/10.95 :\OT1/cmr/m/n/10.95 8897 = \OML/cmm/m/i
t/10.95 max\OMS/cmsy/m/n/10.95 f\OML/cmm/m/it/10.95 cosine\OT1/cmr/m/n/10.95 (\
OML/cmm/m/it/10.95 d[]; q\OT1/cmr/m/n/10.95 )\OMS/cmsy/m/n/10.95 j\OML/cmm/m/it
/10.95 d[] \OMS/cmsy/m/n/10.95 2 \OML/cmm/m/it/10.95 D\OMS/cmsy/m/n/10.95 g$ \O
T1/cmr/m/n/10.95 and also $\OML/cmm/m/it/10.95 d[]$ \OT1/cmr/m/n/10.95 is the l
east sim-i-lar with a value $\OML/cmm/m/it/10.95 cosine\OT1/cmr/m/n/10.95 (\OML
/cmm/m/it/10.95 d[]; q\OT1/cmr/m/n/10.95 ) =
 []


LaTeX Warning: Reference `term-document-matrix' on page 7 undefined on input li
ne 127.

[7 <./src/pic/lsf-vectors.jpg>]

Package caption Warning: \label without proper reference on input line 156.
See the caption package documentation for explanation.


LaTeX Warning: Reference `tab:tfidf_table' on page 8 undefined on input line 14
4.


Underfull \hbox (badness 10000) in paragraph at lines 173--176

 []

[8]
Overfull \hbox (6.7594pt too wide) in paragraph at lines 182--184
\OT1/cmr/m/n/10.95 Given the two val-ues the graph can be rewrit-ten as $\OML/c
mm/m/it/10.95 G[] \OT1/cmr/m/n/10.95 = (\OML/cmm/m/it/10.95 V[]; E[]\OT1/cmr/m/
n/10.95 )$ with $\OML/cmm/m/it/10.95 V[] \OT1/cmr/m/n/10.95 = \OMS/cmsy/m/n/10.
95 f\OT1/cmr/m/n/10.95 (\OML/cmm/m/it/10.95 p; H[]; A[]\OT1/cmr/m/n/10.95 )\OMS
/cmsy/m/n/10.95 j8\OML/cmm/m/it/10.95 p \OMS/cmsy/m/n/10.95 2
 []


Overfull \hbox (8.32095pt too wide) in paragraph at lines 190--191
\OT1/cmr/m/n/10.95 The nor-mal-ized val-ues sat-isfy the con-di-tion, that $[][
] \OML/cmm/m/it/10.95 H[] \OT1/cmr/m/n/10.95 = [][] \OML/cmm/m/it/10.95 A[] \OT
1/cmr/m/n/10.95 =
 []


Underfull \hbox (badness 1117) in paragraph at lines 220--224
\OT1/cmr/m/n/10.95 call many other meth-ods, and
 []


Underfull \hbox (badness 10000) in paragraph at lines 220--224

 []

) (src/tex/classification_methodology.tex [9] [10]
Chapter 4.

LaTeX Warning: Reference `ch_tf-idf' on page 11 undefined on input line 12.


Underfull \hbox (badness 10000) in paragraph at lines 8--21

 []


Underfull \hbox (badness 10000) in paragraph at lines 8--21

 []


Underfull \hbox (badness 10000) in paragraph at lines 8--21

 []


Underfull \hbox (badness 10000) in paragraph at lines 8--21

 []

[11

]
Underfull \hbox (badness 10000) in paragraph at lines 22--23

 []

)
Underfull \hbox (badness 10000) in paragraph at lines 24--125

 []

(src/tex/feature_location_techniques.tex [12]
Chapter 5.

Overfull \hbox (8.55211pt too wide) in paragraph at lines 10--30
[]  [] 
 []


Underfull \hbox (badness 10000) in paragraph at lines 36--43

 []


Underfull \hbox (badness 10000) in paragraph at lines 36--43

 []

[13

]
Overfull \hbox (83.34511pt too wide) in paragraph at lines 45--54
[][] 
 []

[14]
Overfull \hbox (64.02565pt too wide) in paragraph at lines 80--85
 [][] 
 []


Underfull \hbox (badness 10000) in paragraph at lines 87--89

 []


Package caption Warning: \label without proper reference on input line 10.
See the caption package documentation for explanation.


LaTeX Warning: Reference `dia:freemind callgraph' on page 15 undefined on input
 line 100.


Package caption Warning: \label without proper reference on input line 156.
See the caption package documentation for explanation.


LaTeX Warning: Reference `tab:tfidf_table' on page 15 undefined on input line 1
00.


Underfull \hbox (badness 10000) in paragraph at lines 96--139

 []


LaTeX Warning: `h' float specifier changed to `ht'.

[15]

Package caption Warning: \label without proper reference on input line 10.
See the caption package documentation for explanation.


LaTeX Warning: Reference `dia:freemind callgraph' on page 16 undefined on input
 line 161.


Underfull \hbox (badness 10000) in paragraph at lines 141--164

 []


Overfull \hbox (29.76942pt too wide) in paragraph at lines 141--164
\OT1/cmr/m/n/10.95 In our ex-am-ple re-gard-ing the two fea-tures of $\OML/cmm/
m/it/10.95 f[] \OT1/cmr/m/n/10.95 = \OML/cmm/m/it/10.95 automaticSaveFile$ \OT1
/cmr/m/n/10.95 and $\OML/cmm/m/it/10.95 f[] \OT1/cmr/m/n/10.95 = \OML/cmm/m/it/
10.95 manualSaveFile$
 []


Underfull \hbox (badness 10000) in paragraph at lines 141--164

 []

[16] [17]) ("Seminararbeit - Feature Location Techniques.bbl" [18]
(D:\Tools\MikTex\tex\latex\ucs\uni-0.def
File: uni-0.def 2013/05/13 UCS: Unicode data U+0000..U+00FF
) [19

]
LaTeX Font Info:    Try loading font information for OT1+pcr on input line 95.

(D:\Tools\MikTex\tex\latex\psnfss\ot1pcr.fd
File: ot1pcr.fd 2001/06/04 font definitions for OT1/pcr.
)
Underfull \hbox (badness 1189) in paragraph at lines 95--97
[]\OT1/cmr/m/n/10.95 Software Prod-uct Lines \OT1/pcr/m/n/10.95 http://www.sei.
cmu.edu/productlines/\OT1/cmr/m/n/10.95 ,
 []

) [20]
Package atveryend Info: Empty hook `BeforeClearDocument' on input line 140.
Package atveryend Info: Empty hook `AfterLastShipout' on input line 140.
 ("Seminararbeit - Feature Location Techniques.aux")
Package atveryend Info: Executing hook `AtVeryEndDocument' on input line 140.
Package atveryend Info: Executing hook `AtEndAfterFileList' on input line 140.
Package rerunfilecheck Info: File `"Seminararbeit - Feature Location Techniques
".out' has not changed.
(rerunfilecheck)             Checksum: 1385E95FE818B1BD38A2FB9A72843C4F;948.


LaTeX Warning: There were undefined references.

Package atveryend Info: Empty hook `AtVeryVeryEnd' on input line 140.
 ) 
Here is how much of TeX's memory you used:
 22546 strings out of 493333
 431366 string characters out of 3144356
 531783 words of memory out of 3000000
 25538 multiletter control sequences out of 15000+200000
 22190 words of font info for 64 fonts, out of 3000000 for 9000
 1141 hyphenation exceptions out of 8191
 55i,18n,67p,1500b,759s stack positions out of 5000i,500n,10000p,200000b,50000s
{D:/Tools/MikTex/fonts/enc/dvips/base/8r.enc}<D:/Tools/MikTex/fonts/type1/pub
lic/amsfonts/cm/cmbx10.pfb><D:/Tools/MikTex/fonts/type1/public/amsfonts/cm/cmbx
12.pfb><D:/Tools/MikTex/fonts/type1/public/amsfonts/cm/cmex10.pfb><D:/Tools/Mik
Tex/fonts/type1/public/amsfonts/cm/cmmi10.pfb><D:/Tools/MikTex/fonts/type1/publ
ic/amsfonts/cm/cmmi6.pfb><D:/Tools/MikTex/fonts/type1/public/amsfonts/cm/cmmi8.
pfb><D:/Tools/MikTex/fonts/type1/public/amsfonts/cm/cmr10.pfb><D:/Tools/MikTex/
fonts/type1/public/amsfonts/cm/cmr6.pfb><D:/Tools/MikTex/fonts/type1/public/ams
fonts/cm/cmr8.pfb><D:/Tools/MikTex/fonts/type1/public/amsfonts/cm/cmr9.pfb><D:/
Tools/MikTex/fonts/type1/public/amsfonts/cm/cmsy10.pfb><D:/Tools/MikTex/fonts/t
ype1/public/amsfonts/cm/cmsy6.pfb><D:/Tools/MikTex/fonts/type1/public/amsfonts/
cm/cmsy8.pfb><D:/Tools/MikTex/fonts/type1/public/amsfonts/cm/cmti10.pfb><D:/Too
ls/MikTex/fonts/type1/public/amsfonts/cm/cmti9.pfb><D:/Tools/MikTex/fonts/type1
/public/amsfonts/symbols/msam10.pfb><D:/Tools/MikTex/fonts/type1/urw/courier/uc
rr8a.pfb><D:/Tools/MikTex/fonts/type1/urw/helvetic/uhvb8a.pfb><D:/Tools/MikTex/
fonts/type1/urw/helvetic/uhvr8a.pfb>
Output written on "Seminararbeit - Feature Location Techniques.pdf" (25 pages, 
832214 bytes).
PDF statistics:
 397 PDF objects out of 1000 (max. 8388607)
 87 named destinations out of 1000 (max. 500000)
 165 words of extra memory for PDF output out of 10000 (max. 10000000)

